  [4;36;1mSQL (0.1ms)[0m   [0;1mSET NAMES 'utf8'[0m
  [4;35;1mSQL (0.1ms)[0m   [0mSET SQL_AUTO_IS_NULL=0[0m
  [4;36;1mSQL (0.4ms)[0m   [0;1mSHOW TABLES[0m
  [4;35;1mSQL (108.8ms)[0m   [0mCREATE TABLE `schema_migrations` (`version` varchar(255) NOT NULL) ENGINE=InnoDB[0m
  [4;36;1mSQL (178.2ms)[0m   [0;1mCREATE UNIQUE INDEX `unique_schema_migrations` ON `schema_migrations` (`version`)[0m
  [4;35;1mSQL (0.4ms)[0m   [0mSHOW TABLES[0m
  [4;36;1mSQL (0.3ms)[0m   [0;1mSELECT version FROM schema_migrations[0m
Migrating to CreateUsers (20100207140329)
  [4;35;1mSQL (96.6ms)[0m   [0mCREATE TABLE `users` (`id` int(11) DEFAULT NULL auto_increment PRIMARY KEY, `login` varchar(255) NOT NULL, `email` varchar(255) NOT NULL, `crypted_password` varchar(255) NOT NULL, `password_salt` varchar(255) NOT NULL, `persistence_token` varchar(255) NOT NULL, `single_access_token` varchar(255) NOT NULL, `perishable_token` varchar(255) NOT NULL, `created_at` datetime, `updated_at` datetime) ENGINE=InnoDB[0m
  [4;36;1mSQL (1.2ms)[0m   [0;1mINSERT INTO schema_migrations (version) VALUES ('20100207140329')[0m
  [4;35;1mSQL (0.5ms)[0m   [0mSHOW TABLES[0m
  [4;36;1mSQL (0.2ms)[0m   [0;1mSELECT version FROM schema_migrations[0m
  [4;35;1mSQL (0.2ms)[0m   [0mSHOW TABLES[0m
  [4;36;1mSQL (1.7ms)[0m   [0;1mSHOW FIELDS FROM `users`[0m
  [4;35;1mSQL (4.6ms)[0m   [0mdescribe `users`[0m
  [4;36;1mSQL (0.4ms)[0m   [0;1mSHOW KEYS FROM `users`[0m
  [4;36;1mSQL (0.1ms)[0m   [0;1mSET NAMES 'utf8'[0m
  [4;35;1mSQL (0.1ms)[0m   [0mSET SQL_AUTO_IS_NULL=0[0m


Processing SessionsController#new (for 127.0.0.1 at 2010-02-07 22:19:32) [GET]
  Parameters: {"action"=>"new", "controller"=>"sessions"}

NoMethodError (undefined method `require_no_user' for #<SessionsController:0x102233608>):
  /opt/ruby-enterprise-1.8.7-2009.10/lib/ruby/1.8/webrick/httpserver.rb:104:in `service'
  /opt/ruby-enterprise-1.8.7-2009.10/lib/ruby/1.8/webrick/httpserver.rb:65:in `run'
  /opt/ruby-enterprise-1.8.7-2009.10/lib/ruby/1.8/webrick/server.rb:173:in `start_thread'
  /opt/ruby-enterprise-1.8.7-2009.10/lib/ruby/1.8/webrick/server.rb:162:in `start'
  /opt/ruby-enterprise-1.8.7-2009.10/lib/ruby/1.8/webrick/server.rb:162:in `start_thread'
  /opt/ruby-enterprise-1.8.7-2009.10/lib/ruby/1.8/webrick/server.rb:95:in `start'
  /opt/ruby-enterprise-1.8.7-2009.10/lib/ruby/1.8/webrick/server.rb:92:in `each'
  /opt/ruby-enterprise-1.8.7-2009.10/lib/ruby/1.8/webrick/server.rb:92:in `start'
  /opt/ruby-enterprise-1.8.7-2009.10/lib/ruby/1.8/webrick/server.rb:23:in `start'
  /opt/ruby-enterprise-1.8.7-2009.10/lib/ruby/1.8/webrick/server.rb:82:in `start'

Rendered rescues/_trace (35.9ms)
Rendered rescues/_request_and_response (1.1ms)
Rendering rescues/layout (internal_server_error)
  [4;36;1mSQL (0.1ms)[0m   [0;1mSET NAMES 'utf8'[0m
  [4;35;1mSQL (0.1ms)[0m   [0mSET SQL_AUTO_IS_NULL=0[0m


Processing SessionsController#new (for 127.0.0.1 at 2010-02-07 22:20:47) [GET]
  Parameters: {"action"=>"new", "controller"=>"sessions"}

ArgumentError (interning empty string):
  authlogic (2.1.2) [v] lib/authlogic/session/klass.rb:58:in `to_sym'
  authlogic (2.1.2) [v] lib/authlogic/session/klass.rb:58:in `initialize'
  authlogic (2.1.2) [v] lib/authlogic/session/scopes.rb:79:in `initialize'
  authlogic (2.1.2) [v] lib/authlogic/session/persistence.rb:37:in `new'
  authlogic (2.1.2) [v] lib/authlogic/session/persistence.rb:37:in `find'
  app/controllers/application_controller.rb:17:in `current_session'
  app/controllers/application_controller.rb:22:in `current_user'
  app/controllers/application_controller.rb:35:in `require_no_user'
  /opt/ruby-enterprise-1.8.7-2009.10/lib/ruby/1.8/webrick/httpserver.rb:104:in `service'
  /opt/ruby-enterprise-1.8.7-2009.10/lib/ruby/1.8/webrick/httpserver.rb:65:in `run'
  /opt/ruby-enterprise-1.8.7-2009.10/lib/ruby/1.8/webrick/server.rb:173:in `start_thread'
  /opt/ruby-enterprise-1.8.7-2009.10/lib/ruby/1.8/webrick/server.rb:162:in `start'
  /opt/ruby-enterprise-1.8.7-2009.10/lib/ruby/1.8/webrick/server.rb:162:in `start_thread'
  /opt/ruby-enterprise-1.8.7-2009.10/lib/ruby/1.8/webrick/server.rb:95:in `start'
  /opt/ruby-enterprise-1.8.7-2009.10/lib/ruby/1.8/webrick/server.rb:92:in `each'
  /opt/ruby-enterprise-1.8.7-2009.10/lib/ruby/1.8/webrick/server.rb:92:in `start'
  /opt/ruby-enterprise-1.8.7-2009.10/lib/ruby/1.8/webrick/server.rb:23:in `start'
  /opt/ruby-enterprise-1.8.7-2009.10/lib/ruby/1.8/webrick/server.rb:82:in `start'

Rendered rescues/_trace (108.7ms)
Rendered rescues/_request_and_response (0.3ms)
Rendering rescues/layout (internal_server_error)
  [4;36;1mSQL (0.1ms)[0m   [0;1mSET NAMES 'utf8'[0m
  [4;35;1mSQL (0.1ms)[0m   [0mSET SQL_AUTO_IS_NULL=0[0m


Processing SessionsController#new (for 127.0.0.1 at 2010-02-07 22:29:04) [GET]
  Parameters: {"action"=>"new", "controller"=>"sessions"}

ArgumentError (interning empty string):
  authlogic (2.1.2) [v] lib/authlogic/session/klass.rb:58:in `to_sym'
  authlogic (2.1.2) [v] lib/authlogic/session/klass.rb:58:in `initialize'
  authlogic (2.1.2) [v] lib/authlogic/session/scopes.rb:79:in `initialize'
  authlogic (2.1.2) [v] lib/authlogic/session/persistence.rb:37:in `new'
  authlogic (2.1.2) [v] lib/authlogic/session/persistence.rb:37:in `find'
  app/controllers/application_controller.rb:17:in `current_session'
  app/controllers/application_controller.rb:22:in `current_user'
  app/controllers/application_controller.rb:35:in `require_no_user'
  /opt/ruby-enterprise-1.8.7-2009.10/lib/ruby/1.8/webrick/httpserver.rb:104:in `service'
  /opt/ruby-enterprise-1.8.7-2009.10/lib/ruby/1.8/webrick/httpserver.rb:65:in `run'
  /opt/ruby-enterprise-1.8.7-2009.10/lib/ruby/1.8/webrick/server.rb:173:in `start_thread'
  /opt/ruby-enterprise-1.8.7-2009.10/lib/ruby/1.8/webrick/server.rb:162:in `start'
  /opt/ruby-enterprise-1.8.7-2009.10/lib/ruby/1.8/webrick/server.rb:162:in `start_thread'
  /opt/ruby-enterprise-1.8.7-2009.10/lib/ruby/1.8/webrick/server.rb:95:in `start'
  /opt/ruby-enterprise-1.8.7-2009.10/lib/ruby/1.8/webrick/server.rb:92:in `each'
  /opt/ruby-enterprise-1.8.7-2009.10/lib/ruby/1.8/webrick/server.rb:92:in `start'
  /opt/ruby-enterprise-1.8.7-2009.10/lib/ruby/1.8/webrick/server.rb:23:in `start'
  /opt/ruby-enterprise-1.8.7-2009.10/lib/ruby/1.8/webrick/server.rb:82:in `start'

Rendered rescues/_trace (38.9ms)
Rendered rescues/_request_and_response (1.1ms)
Rendering rescues/layout (internal_server_error)
  [4;36;1mSQL (0.1ms)[0m   [0;1mSET NAMES 'utf8'[0m
  [4;35;1mSQL (0.1ms)[0m   [0mSET SQL_AUTO_IS_NULL=0[0m


Processing SessionsController#new (for 127.0.0.1 at 2010-02-07 22:29:05) [GET]
  Parameters: {"action"=>"new", "controller"=>"sessions"}

ArgumentError (interning empty string):
  authlogic (2.1.2) [v] lib/authlogic/session/klass.rb:58:in `to_sym'
  authlogic (2.1.2) [v] lib/authlogic/session/klass.rb:58:in `initialize'
  authlogic (2.1.2) [v] lib/authlogic/session/scopes.rb:79:in `initialize'
  authlogic (2.1.2) [v] lib/authlogic/session/persistence.rb:37:in `new'
  authlogic (2.1.2) [v] lib/authlogic/session/persistence.rb:37:in `find'
  app/controllers/application_controller.rb:17:in `current_session'
  app/controllers/application_controller.rb:22:in `current_user'
  app/controllers/application_controller.rb:35:in `require_no_user'
  /opt/ruby-enterprise-1.8.7-2009.10/lib/ruby/1.8/webrick/httpserver.rb:104:in `service'
  /opt/ruby-enterprise-1.8.7-2009.10/lib/ruby/1.8/webrick/httpserver.rb:65:in `run'
  /opt/ruby-enterprise-1.8.7-2009.10/lib/ruby/1.8/webrick/server.rb:173:in `start_thread'
  /opt/ruby-enterprise-1.8.7-2009.10/lib/ruby/1.8/webrick/server.rb:162:in `start'
  /opt/ruby-enterprise-1.8.7-2009.10/lib/ruby/1.8/webrick/server.rb:162:in `start_thread'
  /opt/ruby-enterprise-1.8.7-2009.10/lib/ruby/1.8/webrick/server.rb:95:in `start'
  /opt/ruby-enterprise-1.8.7-2009.10/lib/ruby/1.8/webrick/server.rb:92:in `each'
  /opt/ruby-enterprise-1.8.7-2009.10/lib/ruby/1.8/webrick/server.rb:92:in `start'
  /opt/ruby-enterprise-1.8.7-2009.10/lib/ruby/1.8/webrick/server.rb:23:in `start'
  /opt/ruby-enterprise-1.8.7-2009.10/lib/ruby/1.8/webrick/server.rb:82:in `start'

Rendered rescues/_trace (106.3ms)
Rendered rescues/_request_and_response (0.2ms)
Rendering rescues/layout (internal_server_error)
  [4;36;1mSQL (0.1ms)[0m   [0;1mSET NAMES 'utf8'[0m
  [4;35;1mSQL (0.1ms)[0m   [0mSET SQL_AUTO_IS_NULL=0[0m


Processing SessionsController#new (for 127.0.0.1 at 2010-02-07 22:29:05) [GET]
  Parameters: {"action"=>"new", "controller"=>"sessions"}

ArgumentError (interning empty string):
  authlogic (2.1.2) [v] lib/authlogic/session/klass.rb:58:in `to_sym'
  authlogic (2.1.2) [v] lib/authlogic/session/klass.rb:58:in `initialize'
  authlogic (2.1.2) [v] lib/authlogic/session/scopes.rb:79:in `initialize'
  authlogic (2.1.2) [v] lib/authlogic/session/persistence.rb:37:in `new'
  authlogic (2.1.2) [v] lib/authlogic/session/persistence.rb:37:in `find'
  app/controllers/application_controller.rb:17:in `current_session'
  app/controllers/application_controller.rb:22:in `current_user'
  app/controllers/application_controller.rb:35:in `require_no_user'
  /opt/ruby-enterprise-1.8.7-2009.10/lib/ruby/1.8/webrick/httpserver.rb:104:in `service'
  /opt/ruby-enterprise-1.8.7-2009.10/lib/ruby/1.8/webrick/httpserver.rb:65:in `run'
  /opt/ruby-enterprise-1.8.7-2009.10/lib/ruby/1.8/webrick/server.rb:173:in `start_thread'
  /opt/ruby-enterprise-1.8.7-2009.10/lib/ruby/1.8/webrick/server.rb:162:in `start'
  /opt/ruby-enterprise-1.8.7-2009.10/lib/ruby/1.8/webrick/server.rb:162:in `start_thread'
  /opt/ruby-enterprise-1.8.7-2009.10/lib/ruby/1.8/webrick/server.rb:95:in `start'
  /opt/ruby-enterprise-1.8.7-2009.10/lib/ruby/1.8/webrick/server.rb:92:in `each'
  /opt/ruby-enterprise-1.8.7-2009.10/lib/ruby/1.8/webrick/server.rb:92:in `start'
  /opt/ruby-enterprise-1.8.7-2009.10/lib/ruby/1.8/webrick/server.rb:23:in `start'
  /opt/ruby-enterprise-1.8.7-2009.10/lib/ruby/1.8/webrick/server.rb:82:in `start'

Rendered rescues/_trace (39.8ms)
Rendered rescues/_request_and_response (0.2ms)
Rendering rescues/layout (internal_server_error)
  [4;36;1mSQL (0.1ms)[0m   [0;1mSET NAMES 'utf8'[0m
  [4;35;1mSQL (0.1ms)[0m   [0mSET SQL_AUTO_IS_NULL=0[0m


Processing ApplicationController#new (for 127.0.0.1 at 2010-02-07 22:35:43) [GET]
  Parameters: {"action"=>"new", "controller"=>"sessions"}

NameError (uninitialized constant SessionsController):
  /opt/ruby-enterprise-1.8.7-2009.10/lib/ruby/1.8/webrick/httpserver.rb:104:in `service'
  /opt/ruby-enterprise-1.8.7-2009.10/lib/ruby/1.8/webrick/httpserver.rb:65:in `run'
  /opt/ruby-enterprise-1.8.7-2009.10/lib/ruby/1.8/webrick/server.rb:173:in `start_thread'
  /opt/ruby-enterprise-1.8.7-2009.10/lib/ruby/1.8/webrick/server.rb:162:in `start'
  /opt/ruby-enterprise-1.8.7-2009.10/lib/ruby/1.8/webrick/server.rb:162:in `start_thread'
  /opt/ruby-enterprise-1.8.7-2009.10/lib/ruby/1.8/webrick/server.rb:95:in `start'
  /opt/ruby-enterprise-1.8.7-2009.10/lib/ruby/1.8/webrick/server.rb:92:in `each'
  /opt/ruby-enterprise-1.8.7-2009.10/lib/ruby/1.8/webrick/server.rb:92:in `start'
  /opt/ruby-enterprise-1.8.7-2009.10/lib/ruby/1.8/webrick/server.rb:23:in `start'
  /opt/ruby-enterprise-1.8.7-2009.10/lib/ruby/1.8/webrick/server.rb:82:in `start'

Rendered rescues/_trace (28.6ms)
Rendered rescues/_request_and_response (0.3ms)
Rendering rescues/layout (internal_server_error)
  [4;36;1mSQL (0.1ms)[0m   [0;1mSET NAMES 'utf8'[0m
  [4;35;1mSQL (0.1ms)[0m   [0mSET SQL_AUTO_IS_NULL=0[0m


Processing UserSessionsController#new (for 127.0.0.1 at 2010-02-07 22:36:13) [GET]
  Parameters: {"action"=>"new", "controller"=>"user_sessions"}
  [4;36;1mUser Columns (1.5ms)[0m   [0;1mSHOW FIELDS FROM `users`[0m
Rendering user_sessions/new
Completed in 145ms (View: 93, DB: 2) | 200 OK [http://localhost/]
  [4;35;1mSQL (0.1ms)[0m   [0mSET NAMES 'utf8'[0m
  [4;36;1mSQL (0.1ms)[0m   [0;1mSET SQL_AUTO_IS_NULL=0[0m


Processing ApplicationController#index (for 127.0.0.1 at 2010-02-07 22:36:23) [GET]

ActionController::RoutingError (No route matches "/signup" with {:method=>:get}):
  /opt/ruby-enterprise-1.8.7-2009.10/lib/ruby/1.8/webrick/httpserver.rb:104:in `service'
  /opt/ruby-enterprise-1.8.7-2009.10/lib/ruby/1.8/webrick/httpserver.rb:65:in `run'
  /opt/ruby-enterprise-1.8.7-2009.10/lib/ruby/1.8/webrick/server.rb:173:in `start_thread'
  /opt/ruby-enterprise-1.8.7-2009.10/lib/ruby/1.8/webrick/server.rb:162:in `start'
  /opt/ruby-enterprise-1.8.7-2009.10/lib/ruby/1.8/webrick/server.rb:162:in `start_thread'
  /opt/ruby-enterprise-1.8.7-2009.10/lib/ruby/1.8/webrick/server.rb:95:in `start'
  /opt/ruby-enterprise-1.8.7-2009.10/lib/ruby/1.8/webrick/server.rb:92:in `each'
  /opt/ruby-enterprise-1.8.7-2009.10/lib/ruby/1.8/webrick/server.rb:92:in `start'
  /opt/ruby-enterprise-1.8.7-2009.10/lib/ruby/1.8/webrick/server.rb:23:in `start'
  /opt/ruby-enterprise-1.8.7-2009.10/lib/ruby/1.8/webrick/server.rb:82:in `start'

Rendering rescues/layout (not_found)
  [4;35;1mSQL (0.1ms)[0m   [0mSET NAMES 'utf8'[0m
  [4;36;1mSQL (0.1ms)[0m   [0;1mSET SQL_AUTO_IS_NULL=0[0m


Processing UsersController#new (for 127.0.0.1 at 2010-02-07 22:36:28) [GET]
  Parameters: {"action"=>"new", "controller"=>"users"}
  [4;35;1mUser Columns (1.5ms)[0m   [0mSHOW FIELDS FROM `users`[0m
Rendering users/new
Rendered users/_form (1.7ms)
Completed in 24ms (View: 12, DB: 2) | 200 OK [http://localhost/users/new]
  [4;36;1mSQL (0.1ms)[0m   [0;1mSET NAMES 'utf8'[0m
  [4;35;1mSQL (0.1ms)[0m   [0mSET SQL_AUTO_IS_NULL=0[0m


Processing UsersController#create (for 127.0.0.1 at 2010-02-07 22:36:42) [POST]
  Parameters: {"commit"=>"Register", "action"=>"create", "authenticity_token"=>"whOSJCvDrtXSbnHnkPLZ7/hgdlYMb2RRv+elXAgO6+Y=", "controller"=>"users", "user"=>{"password_confirmation"=>"[FILTERED]", "password"=>"[FILTERED]", "login"=>"Hao"}}
  [4;36;1mUser Columns (1.6ms)[0m   [0;1mSHOW FIELDS FROM `users`[0m
  [4;35;1mSQL (0.6ms)[0m   [0mBEGIN[0m
  [4;36;1mUser Load (0.5ms)[0m   [0;1mSELECT `users`.id FROM `users` WHERE (LOWER(`users`.`login`) = BINARY 'hao') LIMIT 1[0m
  [4;35;1mUser Load (0.2ms)[0m   [0mSELECT `users`.id FROM `users` WHERE (`users`.`persistence_token` = BINARY 'daeace36c6fa6f29f9ff5c91f4cd948798d1c5ce5c4963af1aa212f98172ccaa3c95c820b9571ef3bcac696c04ee177eb68d9fdb70f6f8e839343ebd68468d30') LIMIT 1[0m
  [4;36;1mUser Load (0.2ms)[0m   [0;1mSELECT `users`.id FROM `users` WHERE (`users`.`single_access_token` = BINARY 'DspctonHG9UzTyV_lH7w') LIMIT 1[0m
  [4;35;1mSQL (0.1ms)[0m   [0mROLLBACK[0m
Rendering users/new
Rendered users/_form (1.3ms)
Completed in 204ms (View: 8, DB: 3) | 200 OK [http://localhost/account]
  [4;36;1mSQL (0.1ms)[0m   [0;1mSET NAMES 'utf8'[0m
  [4;35;1mSQL (0.1ms)[0m   [0mSET SQL_AUTO_IS_NULL=0[0m


Processing UsersController#show (for 127.0.0.1 at 2010-02-07 22:38:26) [GET]
  Parameters: {"action"=>"show", "controller"=>"users"}
  [4;36;1mUser Columns (1.6ms)[0m   [0;1mSHOW FIELDS FROM `users`[0m
Redirected to http://localhost:3000/user_session/new
Filter chain halted as [:require_user] rendered_or_redirected.
Completed in 11ms (DB: 2) | 302 Found [http://localhost/account]
  [4;35;1mSQL (0.1ms)[0m   [0mSET NAMES 'utf8'[0m
  [4;36;1mSQL (0.1ms)[0m   [0;1mSET SQL_AUTO_IS_NULL=0[0m


Processing UserSessionsController#new (for 127.0.0.1 at 2010-02-07 22:38:26) [GET]
  Parameters: {"action"=>"new", "controller"=>"user_sessions"}
  [4;35;1mUser Columns (1.5ms)[0m   [0mSHOW FIELDS FROM `users`[0m
Rendering user_sessions/new
Completed in 80ms (View: 4, DB: 2) | 200 OK [http://localhost/user_session/new]
  [4;36;1mSQL (0.1ms)[0m   [0;1mSET NAMES 'utf8'[0m
  [4;35;1mSQL (0.1ms)[0m   [0mSET SQL_AUTO_IS_NULL=0[0m


Processing UsersController#show (for 127.0.0.1 at 2010-02-07 22:38:32) [GET]
  Parameters: {"action"=>"show", "controller"=>"users"}
  [4;36;1mUser Columns (1.5ms)[0m   [0;1mSHOW FIELDS FROM `users`[0m
Redirected to http://localhost:3000/user_session/new
Filter chain halted as [:require_user] rendered_or_redirected.
Completed in 11ms (DB: 2) | 302 Found [http://localhost/account]
  [4;35;1mSQL (0.1ms)[0m   [0mSET NAMES 'utf8'[0m
  [4;36;1mSQL (0.1ms)[0m   [0;1mSET SQL_AUTO_IS_NULL=0[0m


Processing UserSessionsController#new (for 127.0.0.1 at 2010-02-07 22:38:32) [GET]
  Parameters: {"action"=>"new", "controller"=>"user_sessions"}
  [4;35;1mUser Columns (1.4ms)[0m   [0mSHOW FIELDS FROM `users`[0m
Rendering user_sessions/new
Completed in 14ms (View: 3, DB: 2) | 200 OK [http://localhost/user_session/new]
  [4;36;1mSQL (0.1ms)[0m   [0;1mSET NAMES 'utf8'[0m
  [4;35;1mSQL (0.1ms)[0m   [0mSET SQL_AUTO_IS_NULL=0[0m


Processing UsersController#new (for 127.0.0.1 at 2010-02-07 22:38:37) [GET]
  Parameters: {"action"=>"new", "controller"=>"users"}
  [4;36;1mUser Columns (1.5ms)[0m   [0;1mSHOW FIELDS FROM `users`[0m
Rendering users/new
Rendered users/_form (2.3ms)
Completed in 20ms (View: 9, DB: 2) | 200 OK [http://localhost/account/new]
  [4;35;1mSQL (0.1ms)[0m   [0mSET NAMES 'utf8'[0m
  [4;36;1mSQL (0.1ms)[0m   [0;1mSET SQL_AUTO_IS_NULL=0[0m


Processing UsersController#create (for 127.0.0.1 at 2010-02-07 22:38:46) [POST]
  Parameters: {"commit"=>"Register", "action"=>"create", "authenticity_token"=>"whOSJCvDrtXSbnHnkPLZ7/hgdlYMb2RRv+elXAgO6+Y=", "controller"=>"users", "user"=>{"password_confirmation"=>"[FILTERED]", "password"=>"[FILTERED]", "login"=>"leomayleomay", "email"=>"leomayleomay@gmail.com"}}
  [4;35;1mUser Columns (2.5ms)[0m   [0mSHOW FIELDS FROM `users`[0m
  [4;36;1mSQL (3.6ms)[0m   [0;1mBEGIN[0m
  [4;35;1mUser Load (0.4ms)[0m   [0mSELECT `users`.id FROM `users` WHERE (LOWER(`users`.`email`) = BINARY 'leomayleomay@gmail.com') LIMIT 1[0m
  [4;36;1mUser Load (0.2ms)[0m   [0;1mSELECT `users`.id FROM `users` WHERE (LOWER(`users`.`login`) = BINARY 'leomayleomay') LIMIT 1[0m
  [4;35;1mUser Load (0.1ms)[0m   [0mSELECT `users`.id FROM `users` WHERE (`users`.`persistence_token` = BINARY 'dd4500207c69ccdd86ee5a7805c5788a16ab48578c743900d6ffbaa2f2e003ac24a62a3a515128ca2117fd4028fdb9ad14e18d8d4d17913bc63a6d23e9b93ab1') LIMIT 1[0m
  [4;36;1mUser Load (0.1ms)[0m   [0;1mSELECT `users`.id FROM `users` WHERE (`users`.`single_access_token` = BINARY 'fMs49jPld004AkX7PZJB') LIMIT 1[0m
  [4;35;1mUser Create (0.2ms)[0m   [0mINSERT INTO `users` (`single_access_token`, `created_at`, `crypted_password`, `perishable_token`, `updated_at`, `password_salt`, `persistence_token`, `login`, `email`) VALUES('fMs49jPld004AkX7PZJB', '2010-02-07 14:38:46', '5658f29a526d7816df2053226a2e832a74ad0a49d909a41041371a830c8f94968b86ecc4be61f9fff3d1e80c09dd2f09879fdfb0167389d7637bbc9aa63955a4', '8pmu6_6CcuVKEcEHc7fm', '2010-02-07 14:38:46', 'EsMkK0VksJbq3jrREzE1', 'dd4500207c69ccdd86ee5a7805c5788a16ab48578c743900d6ffbaa2f2e003ac24a62a3a515128ca2117fd4028fdb9ad14e18d8d4d17913bc63a6d23e9b93ab1', 'leomayleomay', 'leomayleomay@gmail.com')[0m
  [4;36;1mSQL (0.9ms)[0m   [0;1mCOMMIT[0m
Redirected to http://localhost:3000/account
Completed in 28ms (DB: 8) | 302 Found [http://localhost/account]
  [4;35;1mSQL (0.1ms)[0m   [0mSET NAMES 'utf8'[0m
  [4;36;1mSQL (0.1ms)[0m   [0;1mSET SQL_AUTO_IS_NULL=0[0m


Processing UsersController#show (for 127.0.0.1 at 2010-02-07 22:38:46) [GET]
  Parameters: {"action"=>"show", "controller"=>"users"}
  [4;35;1mUser Columns (1.8ms)[0m   [0mSHOW FIELDS FROM `users`[0m
  [4;36;1mUser Load (0.3ms)[0m   [0;1mSELECT * FROM `users` WHERE (`users`.`persistence_token` = 'dd4500207c69ccdd86ee5a7805c5788a16ab48578c743900d6ffbaa2f2e003ac24a62a3a515128ca2117fd4028fdb9ad14e18d8d4d17913bc63a6d23e9b93ab1') LIMIT 1[0m
Rendering users/show

ActionView::TemplateError (undefined method `login_count' for #<User:0x101a470e8>) on line #8 of app/views/users/show.html.erb:
5:  
6: <p>
7:   <b>Login count:</b>
8:   <%=h @user.login_count %>
9: </p>
10:  
11: <p>

    app/views/users/show.html.erb:8
    /opt/ruby-enterprise-1.8.7-2009.10/lib/ruby/1.8/webrick/httpserver.rb:104:in `service'
    /opt/ruby-enterprise-1.8.7-2009.10/lib/ruby/1.8/webrick/httpserver.rb:65:in `run'
    /opt/ruby-enterprise-1.8.7-2009.10/lib/ruby/1.8/webrick/server.rb:173:in `start_thread'
    /opt/ruby-enterprise-1.8.7-2009.10/lib/ruby/1.8/webrick/server.rb:162:in `start'
    /opt/ruby-enterprise-1.8.7-2009.10/lib/ruby/1.8/webrick/server.rb:162:in `start_thread'
    /opt/ruby-enterprise-1.8.7-2009.10/lib/ruby/1.8/webrick/server.rb:95:in `start'
    /opt/ruby-enterprise-1.8.7-2009.10/lib/ruby/1.8/webrick/server.rb:92:in `each'
    /opt/ruby-enterprise-1.8.7-2009.10/lib/ruby/1.8/webrick/server.rb:92:in `start'
    /opt/ruby-enterprise-1.8.7-2009.10/lib/ruby/1.8/webrick/server.rb:23:in `start'
    /opt/ruby-enterprise-1.8.7-2009.10/lib/ruby/1.8/webrick/server.rb:82:in `start'

Rendered rescues/_trace (122.7ms)
Rendered rescues/_request_and_response (0.3ms)
Rendering rescues/layout (internal_server_error)
  [4;35;1mSQL (0.1ms)[0m   [0mSET NAMES 'utf8'[0m
  [4;36;1mSQL (0.1ms)[0m   [0;1mSET SQL_AUTO_IS_NULL=0[0m


Processing UsersController#show (for 127.0.0.1 at 2010-02-07 22:39:06) [GET]
  Parameters: {"action"=>"show", "controller"=>"users"}
  [4;35;1mUser Columns (1.4ms)[0m   [0mSHOW FIELDS FROM `users`[0m
  [4;36;1mUser Load (0.3ms)[0m   [0;1mSELECT * FROM `users` WHERE (`users`.`persistence_token` = 'dd4500207c69ccdd86ee5a7805c5788a16ab48578c743900d6ffbaa2f2e003ac24a62a3a515128ca2117fd4028fdb9ad14e18d8d4d17913bc63a6d23e9b93ab1') LIMIT 1[0m
Rendering users/show

ActionView::TemplateError (undefined method `last_request_at' for #<User:0x102456ac0>) on line #8 of app/views/users/show.html.erb:
5:  
6: <p>
7:   <b>Last request at:</b>
8:   <%=h @user.last_request_at %>
9: </p>
10:  
11: <p>

    app/views/users/show.html.erb:8
    /opt/ruby-enterprise-1.8.7-2009.10/lib/ruby/1.8/webrick/httpserver.rb:104:in `service'
    /opt/ruby-enterprise-1.8.7-2009.10/lib/ruby/1.8/webrick/httpserver.rb:65:in `run'
    /opt/ruby-enterprise-1.8.7-2009.10/lib/ruby/1.8/webrick/server.rb:173:in `start_thread'
    /opt/ruby-enterprise-1.8.7-2009.10/lib/ruby/1.8/webrick/server.rb:162:in `start'
    /opt/ruby-enterprise-1.8.7-2009.10/lib/ruby/1.8/webrick/server.rb:162:in `start_thread'
    /opt/ruby-enterprise-1.8.7-2009.10/lib/ruby/1.8/webrick/server.rb:95:in `start'
    /opt/ruby-enterprise-1.8.7-2009.10/lib/ruby/1.8/webrick/server.rb:92:in `each'
    /opt/ruby-enterprise-1.8.7-2009.10/lib/ruby/1.8/webrick/server.rb:92:in `start'
    /opt/ruby-enterprise-1.8.7-2009.10/lib/ruby/1.8/webrick/server.rb:23:in `start'
    /opt/ruby-enterprise-1.8.7-2009.10/lib/ruby/1.8/webrick/server.rb:82:in `start'

Rendered rescues/_trace (43.9ms)
Rendered rescues/_request_and_response (0.3ms)
Rendering rescues/layout (internal_server_error)
  [4;35;1mSQL (0.1ms)[0m   [0mSET NAMES 'utf8'[0m
  [4;36;1mSQL (0.2ms)[0m   [0;1mSET SQL_AUTO_IS_NULL=0[0m


Processing UsersController#show (for 127.0.0.1 at 2010-02-07 22:39:12) [GET]
  Parameters: {"action"=>"show", "controller"=>"users"}
  [4;35;1mUser Columns (1.3ms)[0m   [0mSHOW FIELDS FROM `users`[0m
  [4;36;1mUser Load (0.4ms)[0m   [0;1mSELECT * FROM `users` WHERE (`users`.`persistence_token` = 'dd4500207c69ccdd86ee5a7805c5788a16ab48578c743900d6ffbaa2f2e003ac24a62a3a515128ca2117fd4028fdb9ad14e18d8d4d17913bc63a6d23e9b93ab1') LIMIT 1[0m
Rendering users/show

ActionView::TemplateError (undefined method `last_login_at' for #<User:0x1026cf4a0>) on line #8 of app/views/users/show.html.erb:
5:  
6: <p>
7:   <b>Last login at:</b>
8:   <%=h @user.last_login_at %>
9: </p>
10:  
11: <p>

    app/views/users/show.html.erb:8
    /opt/ruby-enterprise-1.8.7-2009.10/lib/ruby/1.8/webrick/httpserver.rb:104:in `service'
    /opt/ruby-enterprise-1.8.7-2009.10/lib/ruby/1.8/webrick/httpserver.rb:65:in `run'
    /opt/ruby-enterprise-1.8.7-2009.10/lib/ruby/1.8/webrick/server.rb:173:in `start_thread'
    /opt/ruby-enterprise-1.8.7-2009.10/lib/ruby/1.8/webrick/server.rb:162:in `start'
    /opt/ruby-enterprise-1.8.7-2009.10/lib/ruby/1.8/webrick/server.rb:162:in `start_thread'
    /opt/ruby-enterprise-1.8.7-2009.10/lib/ruby/1.8/webrick/server.rb:95:in `start'
    /opt/ruby-enterprise-1.8.7-2009.10/lib/ruby/1.8/webrick/server.rb:92:in `each'
    /opt/ruby-enterprise-1.8.7-2009.10/lib/ruby/1.8/webrick/server.rb:92:in `start'
    /opt/ruby-enterprise-1.8.7-2009.10/lib/ruby/1.8/webrick/server.rb:23:in `start'
    /opt/ruby-enterprise-1.8.7-2009.10/lib/ruby/1.8/webrick/server.rb:82:in `start'

Rendered rescues/_trace (43.8ms)
Rendered rescues/_request_and_response (0.2ms)
Rendering rescues/layout (internal_server_error)
  [4;35;1mSQL (0.1ms)[0m   [0mSET NAMES 'utf8'[0m
  [4;36;1mSQL (0.1ms)[0m   [0;1mSET SQL_AUTO_IS_NULL=0[0m


Processing UsersController#show (for 127.0.0.1 at 2010-02-07 22:39:17) [GET]
  Parameters: {"action"=>"show", "controller"=>"users"}
  [4;35;1mUser Columns (1.5ms)[0m   [0mSHOW FIELDS FROM `users`[0m
  [4;36;1mUser Load (0.3ms)[0m   [0;1mSELECT * FROM `users` WHERE (`users`.`persistence_token` = 'dd4500207c69ccdd86ee5a7805c5788a16ab48578c743900d6ffbaa2f2e003ac24a62a3a515128ca2117fd4028fdb9ad14e18d8d4d17913bc63a6d23e9b93ab1') LIMIT 1[0m
Rendering users/show

ActionView::TemplateError (undefined method `current_login_at' for #<User:0x102002b90>) on line #8 of app/views/users/show.html.erb:
5:  
6: <p>
7:   <b>Current login at:</b>
8:   <%=h @user.current_login_at %>
9: </p>
10:  
11: <p>

    app/views/users/show.html.erb:8
    /opt/ruby-enterprise-1.8.7-2009.10/lib/ruby/1.8/webrick/httpserver.rb:104:in `service'
    /opt/ruby-enterprise-1.8.7-2009.10/lib/ruby/1.8/webrick/httpserver.rb:65:in `run'
    /opt/ruby-enterprise-1.8.7-2009.10/lib/ruby/1.8/webrick/server.rb:173:in `start_thread'
    /opt/ruby-enterprise-1.8.7-2009.10/lib/ruby/1.8/webrick/server.rb:162:in `start'
    /opt/ruby-enterprise-1.8.7-2009.10/lib/ruby/1.8/webrick/server.rb:162:in `start_thread'
    /opt/ruby-enterprise-1.8.7-2009.10/lib/ruby/1.8/webrick/server.rb:95:in `start'
    /opt/ruby-enterprise-1.8.7-2009.10/lib/ruby/1.8/webrick/server.rb:92:in `each'
    /opt/ruby-enterprise-1.8.7-2009.10/lib/ruby/1.8/webrick/server.rb:92:in `start'
    /opt/ruby-enterprise-1.8.7-2009.10/lib/ruby/1.8/webrick/server.rb:23:in `start'
    /opt/ruby-enterprise-1.8.7-2009.10/lib/ruby/1.8/webrick/server.rb:82:in `start'

Rendered rescues/_trace (114.6ms)
Rendered rescues/_request_and_response (0.3ms)
Rendering rescues/layout (internal_server_error)
  [4;35;1mSQL (0.2ms)[0m   [0mSET NAMES 'utf8'[0m
  [4;36;1mSQL (0.1ms)[0m   [0;1mSET SQL_AUTO_IS_NULL=0[0m


Processing UsersController#show (for 127.0.0.1 at 2010-02-07 22:39:22) [GET]
  Parameters: {"action"=>"show", "controller"=>"users"}
  [4;35;1mUser Columns (1.5ms)[0m   [0mSHOW FIELDS FROM `users`[0m
  [4;36;1mUser Load (0.3ms)[0m   [0;1mSELECT * FROM `users` WHERE (`users`.`persistence_token` = 'dd4500207c69ccdd86ee5a7805c5788a16ab48578c743900d6ffbaa2f2e003ac24a62a3a515128ca2117fd4028fdb9ad14e18d8d4d17913bc63a6d23e9b93ab1') LIMIT 1[0m
Rendering users/show

ActionView::TemplateError (undefined method `current_login_ip' for #<User:0x1024d31b0>) on line #8 of app/views/users/show.html.erb:
5:   
6: <p>
7:   <b>Current login ip:</b>
8:   <%=h @user.current_login_ip %>
9: </p>
10:  
11:  

    app/views/users/show.html.erb:8
    /opt/ruby-enterprise-1.8.7-2009.10/lib/ruby/1.8/webrick/httpserver.rb:104:in `service'
    /opt/ruby-enterprise-1.8.7-2009.10/lib/ruby/1.8/webrick/httpserver.rb:65:in `run'
    /opt/ruby-enterprise-1.8.7-2009.10/lib/ruby/1.8/webrick/server.rb:173:in `start_thread'
    /opt/ruby-enterprise-1.8.7-2009.10/lib/ruby/1.8/webrick/server.rb:162:in `start'
    /opt/ruby-enterprise-1.8.7-2009.10/lib/ruby/1.8/webrick/server.rb:162:in `start_thread'
    /opt/ruby-enterprise-1.8.7-2009.10/lib/ruby/1.8/webrick/server.rb:95:in `start'
    /opt/ruby-enterprise-1.8.7-2009.10/lib/ruby/1.8/webrick/server.rb:92:in `each'
    /opt/ruby-enterprise-1.8.7-2009.10/lib/ruby/1.8/webrick/server.rb:92:in `start'
    /opt/ruby-enterprise-1.8.7-2009.10/lib/ruby/1.8/webrick/server.rb:23:in `start'
    /opt/ruby-enterprise-1.8.7-2009.10/lib/ruby/1.8/webrick/server.rb:82:in `start'

Rendered rescues/_trace (42.3ms)
Rendered rescues/_request_and_response (0.2ms)
Rendering rescues/layout (internal_server_error)
  [4;35;1mSQL (0.1ms)[0m   [0mSET NAMES 'utf8'[0m
  [4;36;1mSQL (0.1ms)[0m   [0;1mSET SQL_AUTO_IS_NULL=0[0m


Processing UsersController#show (for 127.0.0.1 at 2010-02-07 22:39:27) [GET]
  Parameters: {"action"=>"show", "controller"=>"users"}
  [4;35;1mUser Columns (1.3ms)[0m   [0mSHOW FIELDS FROM `users`[0m
  [4;36;1mUser Load (0.3ms)[0m   [0;1mSELECT * FROM `users` WHERE (`users`.`persistence_token` = 'dd4500207c69ccdd86ee5a7805c5788a16ab48578c743900d6ffbaa2f2e003ac24a62a3a515128ca2117fd4028fdb9ad14e18d8d4d17913bc63a6d23e9b93ab1') LIMIT 1[0m
Rendering users/show
Completed in 91ms (View: 4, DB: 2) | 200 OK [http://localhost/account]
  [4;35;1mSQL (0.1ms)[0m   [0mSET NAMES 'utf8'[0m
  [4;36;1mSQL (0.1ms)[0m   [0;1mSET SQL_AUTO_IS_NULL=0[0m


Processing UsersController#edit (for 127.0.0.1 at 2010-02-07 22:39:30) [GET]
  Parameters: {"action"=>"edit", "controller"=>"users"}
  [4;35;1mUser Columns (1.5ms)[0m   [0mSHOW FIELDS FROM `users`[0m
  [4;36;1mUser Load (0.3ms)[0m   [0;1mSELECT * FROM `users` WHERE (`users`.`persistence_token` = 'dd4500207c69ccdd86ee5a7805c5788a16ab48578c743900d6ffbaa2f2e003ac24a62a3a515128ca2117fd4028fdb9ad14e18d8d4d17913bc63a6d23e9b93ab1') LIMIT 1[0m
Rendering users/edit
Rendered users/_form (1.5ms)
Completed in 21ms (View: 7, DB: 2) | 200 OK [http://localhost/account/edit]
  [4;35;1mSQL (0.1ms)[0m   [0mSET NAMES 'utf8'[0m
  [4;36;1mSQL (0.1ms)[0m   [0;1mSET SQL_AUTO_IS_NULL=0[0m


Processing UsersController#show (for 127.0.0.1 at 2010-02-07 22:39:34) [GET]
  Parameters: {"action"=>"show", "controller"=>"users"}
  [4;35;1mUser Columns (1.5ms)[0m   [0mSHOW FIELDS FROM `users`[0m
  [4;36;1mUser Load (0.3ms)[0m   [0;1mSELECT * FROM `users` WHERE (`users`.`persistence_token` = 'dd4500207c69ccdd86ee5a7805c5788a16ab48578c743900d6ffbaa2f2e003ac24a62a3a515128ca2117fd4028fdb9ad14e18d8d4d17913bc63a6d23e9b93ab1') LIMIT 1[0m
Rendering users/show
Completed in 14ms (View: 1, DB: 2) | 200 OK [http://localhost/account]
  [4;35;1mSQL (0.1ms)[0m   [0mSET NAMES 'utf8'[0m
  [4;36;1mSQL (0.1ms)[0m   [0;1mSET SQL_AUTO_IS_NULL=0[0m


Processing ApplicationController#index (for 127.0.0.1 at 2010-02-07 22:39:38) [GET]

ActionController::RoutingError (No route matches "/logout" with {:method=>:get}):
  /opt/ruby-enterprise-1.8.7-2009.10/lib/ruby/1.8/webrick/httpserver.rb:104:in `service'
  /opt/ruby-enterprise-1.8.7-2009.10/lib/ruby/1.8/webrick/httpserver.rb:65:in `run'
  /opt/ruby-enterprise-1.8.7-2009.10/lib/ruby/1.8/webrick/server.rb:173:in `start_thread'
  /opt/ruby-enterprise-1.8.7-2009.10/lib/ruby/1.8/webrick/server.rb:162:in `start'
  /opt/ruby-enterprise-1.8.7-2009.10/lib/ruby/1.8/webrick/server.rb:162:in `start_thread'
  /opt/ruby-enterprise-1.8.7-2009.10/lib/ruby/1.8/webrick/server.rb:95:in `start'
  /opt/ruby-enterprise-1.8.7-2009.10/lib/ruby/1.8/webrick/server.rb:92:in `each'
  /opt/ruby-enterprise-1.8.7-2009.10/lib/ruby/1.8/webrick/server.rb:92:in `start'
  /opt/ruby-enterprise-1.8.7-2009.10/lib/ruby/1.8/webrick/server.rb:23:in `start'
  /opt/ruby-enterprise-1.8.7-2009.10/lib/ruby/1.8/webrick/server.rb:82:in `start'

Rendering rescues/layout (not_found)
  [4;35;1mSQL (0.1ms)[0m   [0mSET NAMES 'utf8'[0m
  [4;36;1mSQL (0.1ms)[0m   [0;1mSET SQL_AUTO_IS_NULL=0[0m


Processing ApplicationController#index (for 127.0.0.1 at 2010-02-07 22:39:45) [GET]

ActionController::RoutingError (No route matches "/user_session/destroy" with {:method=>:get}):
  /opt/ruby-enterprise-1.8.7-2009.10/lib/ruby/1.8/webrick/httpserver.rb:104:in `service'
  /opt/ruby-enterprise-1.8.7-2009.10/lib/ruby/1.8/webrick/httpserver.rb:65:in `run'
  /opt/ruby-enterprise-1.8.7-2009.10/lib/ruby/1.8/webrick/server.rb:173:in `start_thread'
  /opt/ruby-enterprise-1.8.7-2009.10/lib/ruby/1.8/webrick/server.rb:162:in `start'
  /opt/ruby-enterprise-1.8.7-2009.10/lib/ruby/1.8/webrick/server.rb:162:in `start_thread'
  /opt/ruby-enterprise-1.8.7-2009.10/lib/ruby/1.8/webrick/server.rb:95:in `start'
  /opt/ruby-enterprise-1.8.7-2009.10/lib/ruby/1.8/webrick/server.rb:92:in `each'
  /opt/ruby-enterprise-1.8.7-2009.10/lib/ruby/1.8/webrick/server.rb:92:in `start'
  /opt/ruby-enterprise-1.8.7-2009.10/lib/ruby/1.8/webrick/server.rb:23:in `start'
  /opt/ruby-enterprise-1.8.7-2009.10/lib/ruby/1.8/webrick/server.rb:82:in `start'

Rendering rescues/layout (not_found)
  [4;36;1mSQL (0.1ms)[0m   [0;1mSET NAMES 'utf8'[0m
  [4;35;1mSQL (0.1ms)[0m   [0mSET SQL_AUTO_IS_NULL=0[0m


Processing ApplicationController#index (for 127.0.0.1 at 2010-02-07 22:47:41) [GET]

ActionController::RoutingError (No route matches "/login" with {:method=>:get}):
  /opt/ruby-enterprise-1.8.7-2009.10/lib/ruby/1.8/webrick/httpserver.rb:104:in `service'
  /opt/ruby-enterprise-1.8.7-2009.10/lib/ruby/1.8/webrick/httpserver.rb:65:in `run'
  /opt/ruby-enterprise-1.8.7-2009.10/lib/ruby/1.8/webrick/server.rb:173:in `start_thread'
  /opt/ruby-enterprise-1.8.7-2009.10/lib/ruby/1.8/webrick/server.rb:162:in `start'
  /opt/ruby-enterprise-1.8.7-2009.10/lib/ruby/1.8/webrick/server.rb:162:in `start_thread'
  /opt/ruby-enterprise-1.8.7-2009.10/lib/ruby/1.8/webrick/server.rb:95:in `start'
  /opt/ruby-enterprise-1.8.7-2009.10/lib/ruby/1.8/webrick/server.rb:92:in `each'
  /opt/ruby-enterprise-1.8.7-2009.10/lib/ruby/1.8/webrick/server.rb:92:in `start'
  /opt/ruby-enterprise-1.8.7-2009.10/lib/ruby/1.8/webrick/server.rb:23:in `start'
  /opt/ruby-enterprise-1.8.7-2009.10/lib/ruby/1.8/webrick/server.rb:82:in `start'

Rendering rescues/layout (not_found)
  [4;36;1mSQL (0.1ms)[0m   [0;1mSET NAMES 'utf8'[0m
  [4;35;1mSQL (0.1ms)[0m   [0mSET SQL_AUTO_IS_NULL=0[0m


Processing ApplicationController#index (for 127.0.0.1 at 2010-02-07 22:47:43) [GET]

ActionController::RoutingError (No route matches "/login" with {:method=>:get}):
  /opt/ruby-enterprise-1.8.7-2009.10/lib/ruby/1.8/webrick/httpserver.rb:104:in `service'
  /opt/ruby-enterprise-1.8.7-2009.10/lib/ruby/1.8/webrick/httpserver.rb:65:in `run'
  /opt/ruby-enterprise-1.8.7-2009.10/lib/ruby/1.8/webrick/server.rb:173:in `start_thread'
  /opt/ruby-enterprise-1.8.7-2009.10/lib/ruby/1.8/webrick/server.rb:162:in `start'
  /opt/ruby-enterprise-1.8.7-2009.10/lib/ruby/1.8/webrick/server.rb:162:in `start_thread'
  /opt/ruby-enterprise-1.8.7-2009.10/lib/ruby/1.8/webrick/server.rb:95:in `start'
  /opt/ruby-enterprise-1.8.7-2009.10/lib/ruby/1.8/webrick/server.rb:92:in `each'
  /opt/ruby-enterprise-1.8.7-2009.10/lib/ruby/1.8/webrick/server.rb:92:in `start'
  /opt/ruby-enterprise-1.8.7-2009.10/lib/ruby/1.8/webrick/server.rb:23:in `start'
  /opt/ruby-enterprise-1.8.7-2009.10/lib/ruby/1.8/webrick/server.rb:82:in `start'

Rendering rescues/layout (not_found)
  [4;36;1mSQL (0.1ms)[0m   [0;1mSET NAMES 'utf8'[0m
  [4;35;1mSQL (0.1ms)[0m   [0mSET SQL_AUTO_IS_NULL=0[0m


Processing UserSessionsController#new (for 127.0.0.1 at 2010-02-07 22:48:25) [GET]
  Parameters: {"action"=>"new", "controller"=>"user_sessions"}
  [4;36;1mUser Columns (1.5ms)[0m   [0;1mSHOW FIELDS FROM `users`[0m
  [4;35;1mUser Load (0.3ms)[0m   [0mSELECT * FROM `users` WHERE (`users`.`persistence_token` = 'dd4500207c69ccdd86ee5a7805c5788a16ab48578c743900d6ffbaa2f2e003ac24a62a3a515128ca2117fd4028fdb9ad14e18d8d4d17913bc63a6d23e9b93ab1') LIMIT 1[0m
Redirected to http://localhost:3000/account
Filter chain halted as [:require_no_user] rendered_or_redirected.
Completed in 22ms (DB: 2) | 302 Found [http://localhost/login]
  [4;36;1mSQL (0.1ms)[0m   [0;1mSET NAMES 'utf8'[0m
  [4;35;1mSQL (0.1ms)[0m   [0mSET SQL_AUTO_IS_NULL=0[0m


Processing UsersController#show (for 127.0.0.1 at 2010-02-07 22:48:25) [GET]
  Parameters: {"action"=>"show", "controller"=>"users"}
  [4;36;1mUser Columns (1.6ms)[0m   [0;1mSHOW FIELDS FROM `users`[0m
  [4;35;1mUser Load (0.3ms)[0m   [0mSELECT * FROM `users` WHERE (`users`.`persistence_token` = 'dd4500207c69ccdd86ee5a7805c5788a16ab48578c743900d6ffbaa2f2e003ac24a62a3a515128ca2117fd4028fdb9ad14e18d8d4d17913bc63a6d23e9b93ab1') LIMIT 1[0m
Rendering users/show
Completed in 85ms (View: 70, DB: 2) | 200 OK [http://localhost/account]
  [4;36;1mSQL (0.1ms)[0m   [0;1mSET NAMES 'utf8'[0m
  [4;35;1mSQL (0.1ms)[0m   [0mSET SQL_AUTO_IS_NULL=0[0m


Processing ApplicationController#index (for 127.0.0.1 at 2010-02-07 22:48:30) [GET]

ActionController::RoutingError (No route matches "/logout" with {:method=>:get}):
  /opt/ruby-enterprise-1.8.7-2009.10/lib/ruby/1.8/webrick/httpserver.rb:104:in `service'
  /opt/ruby-enterprise-1.8.7-2009.10/lib/ruby/1.8/webrick/httpserver.rb:65:in `run'
  /opt/ruby-enterprise-1.8.7-2009.10/lib/ruby/1.8/webrick/server.rb:173:in `start_thread'
  /opt/ruby-enterprise-1.8.7-2009.10/lib/ruby/1.8/webrick/server.rb:162:in `start'
  /opt/ruby-enterprise-1.8.7-2009.10/lib/ruby/1.8/webrick/server.rb:162:in `start_thread'
  /opt/ruby-enterprise-1.8.7-2009.10/lib/ruby/1.8/webrick/server.rb:95:in `start'
  /opt/ruby-enterprise-1.8.7-2009.10/lib/ruby/1.8/webrick/server.rb:92:in `each'
  /opt/ruby-enterprise-1.8.7-2009.10/lib/ruby/1.8/webrick/server.rb:92:in `start'
  /opt/ruby-enterprise-1.8.7-2009.10/lib/ruby/1.8/webrick/server.rb:23:in `start'
  /opt/ruby-enterprise-1.8.7-2009.10/lib/ruby/1.8/webrick/server.rb:82:in `start'

Rendering rescues/layout (not_found)
  [4;36;1mSQL (0.1ms)[0m   [0;1mSET NAMES 'utf8'[0m
  [4;35;1mSQL (0.1ms)[0m   [0mSET SQL_AUTO_IS_NULL=0[0m


Processing ApplicationController#index (for 127.0.0.1 at 2010-02-07 22:48:47) [GET]

ActionController::RoutingError (No route matches "/logout" with {:method=>:get}):
  /opt/ruby-enterprise-1.8.7-2009.10/lib/ruby/1.8/webrick/httpserver.rb:104:in `service'
  /opt/ruby-enterprise-1.8.7-2009.10/lib/ruby/1.8/webrick/httpserver.rb:65:in `run'
  /opt/ruby-enterprise-1.8.7-2009.10/lib/ruby/1.8/webrick/server.rb:173:in `start_thread'
  /opt/ruby-enterprise-1.8.7-2009.10/lib/ruby/1.8/webrick/server.rb:162:in `start'
  /opt/ruby-enterprise-1.8.7-2009.10/lib/ruby/1.8/webrick/server.rb:162:in `start_thread'
  /opt/ruby-enterprise-1.8.7-2009.10/lib/ruby/1.8/webrick/server.rb:95:in `start'
  /opt/ruby-enterprise-1.8.7-2009.10/lib/ruby/1.8/webrick/server.rb:92:in `each'
  /opt/ruby-enterprise-1.8.7-2009.10/lib/ruby/1.8/webrick/server.rb:92:in `start'
  /opt/ruby-enterprise-1.8.7-2009.10/lib/ruby/1.8/webrick/server.rb:23:in `start'
  /opt/ruby-enterprise-1.8.7-2009.10/lib/ruby/1.8/webrick/server.rb:82:in `start'

Rendering rescues/layout (not_found)
  [4;36;1mSQL (0.1ms)[0m   [0;1mSET NAMES 'utf8'[0m
  [4;35;1mSQL (0.1ms)[0m   [0mSET SQL_AUTO_IS_NULL=0[0m


Processing ApplicationController#index (for 127.0.0.1 at 2010-02-07 22:50:45) [GET]

ActionController::RoutingError (No route matches "/logout" with {:method=>:get}):
  /opt/ruby-enterprise-1.8.7-2009.10/lib/ruby/1.8/webrick/httpserver.rb:104:in `service'
  /opt/ruby-enterprise-1.8.7-2009.10/lib/ruby/1.8/webrick/httpserver.rb:65:in `run'
  /opt/ruby-enterprise-1.8.7-2009.10/lib/ruby/1.8/webrick/server.rb:173:in `start_thread'
  /opt/ruby-enterprise-1.8.7-2009.10/lib/ruby/1.8/webrick/server.rb:162:in `start'
  /opt/ruby-enterprise-1.8.7-2009.10/lib/ruby/1.8/webrick/server.rb:162:in `start_thread'
  /opt/ruby-enterprise-1.8.7-2009.10/lib/ruby/1.8/webrick/server.rb:95:in `start'
  /opt/ruby-enterprise-1.8.7-2009.10/lib/ruby/1.8/webrick/server.rb:92:in `each'
  /opt/ruby-enterprise-1.8.7-2009.10/lib/ruby/1.8/webrick/server.rb:92:in `start'
  /opt/ruby-enterprise-1.8.7-2009.10/lib/ruby/1.8/webrick/server.rb:23:in `start'
  /opt/ruby-enterprise-1.8.7-2009.10/lib/ruby/1.8/webrick/server.rb:82:in `start'

Rendering rescues/layout (not_found)
  [4;36;1mSQL (0.1ms)[0m   [0;1mSET NAMES 'utf8'[0m
  [4;35;1mSQL (0.1ms)[0m   [0mSET SQL_AUTO_IS_NULL=0[0m


Processing ApplicationController#index (for 127.0.0.1 at 2010-02-07 22:50:46) [GET]

ActionController::RoutingError (No route matches "/logout" with {:method=>:get}):
  /opt/ruby-enterprise-1.8.7-2009.10/lib/ruby/1.8/webrick/httpserver.rb:104:in `service'
  /opt/ruby-enterprise-1.8.7-2009.10/lib/ruby/1.8/webrick/httpserver.rb:65:in `run'
  /opt/ruby-enterprise-1.8.7-2009.10/lib/ruby/1.8/webrick/server.rb:173:in `start_thread'
  /opt/ruby-enterprise-1.8.7-2009.10/lib/ruby/1.8/webrick/server.rb:162:in `start'
  /opt/ruby-enterprise-1.8.7-2009.10/lib/ruby/1.8/webrick/server.rb:162:in `start_thread'
  /opt/ruby-enterprise-1.8.7-2009.10/lib/ruby/1.8/webrick/server.rb:95:in `start'
  /opt/ruby-enterprise-1.8.7-2009.10/lib/ruby/1.8/webrick/server.rb:92:in `each'
  /opt/ruby-enterprise-1.8.7-2009.10/lib/ruby/1.8/webrick/server.rb:92:in `start'
  /opt/ruby-enterprise-1.8.7-2009.10/lib/ruby/1.8/webrick/server.rb:23:in `start'
  /opt/ruby-enterprise-1.8.7-2009.10/lib/ruby/1.8/webrick/server.rb:82:in `start'

Rendering rescues/layout (not_found)
  [4;36;1mSQL (0.1ms)[0m   [0;1mSET NAMES 'utf8'[0m
  [4;35;1mSQL (0.1ms)[0m   [0mSET SQL_AUTO_IS_NULL=0[0m


Processing ApplicationController#index (for 127.0.0.1 at 2010-02-07 22:50:46) [GET]

ActionController::RoutingError (No route matches "/logout" with {:method=>:get}):
  /opt/ruby-enterprise-1.8.7-2009.10/lib/ruby/1.8/webrick/httpserver.rb:104:in `service'
  /opt/ruby-enterprise-1.8.7-2009.10/lib/ruby/1.8/webrick/httpserver.rb:65:in `run'
  /opt/ruby-enterprise-1.8.7-2009.10/lib/ruby/1.8/webrick/server.rb:173:in `start_thread'
  /opt/ruby-enterprise-1.8.7-2009.10/lib/ruby/1.8/webrick/server.rb:162:in `start'
  /opt/ruby-enterprise-1.8.7-2009.10/lib/ruby/1.8/webrick/server.rb:162:in `start_thread'
  /opt/ruby-enterprise-1.8.7-2009.10/lib/ruby/1.8/webrick/server.rb:95:in `start'
  /opt/ruby-enterprise-1.8.7-2009.10/lib/ruby/1.8/webrick/server.rb:92:in `each'
  /opt/ruby-enterprise-1.8.7-2009.10/lib/ruby/1.8/webrick/server.rb:92:in `start'
  /opt/ruby-enterprise-1.8.7-2009.10/lib/ruby/1.8/webrick/server.rb:23:in `start'
  /opt/ruby-enterprise-1.8.7-2009.10/lib/ruby/1.8/webrick/server.rb:82:in `start'

Rendering rescues/layout (not_found)
  [4;36;1mSQL (0.1ms)[0m   [0;1mSET NAMES 'utf8'[0m
  [4;35;1mSQL (0.1ms)[0m   [0mSET SQL_AUTO_IS_NULL=0[0m


Processing ApplicationController#index (for 127.0.0.1 at 2010-02-07 22:50:52) [GET]

ActionController::RoutingError (No route matches "/logout" with {:method=>:get}):
  /opt/ruby-enterprise-1.8.7-2009.10/lib/ruby/1.8/webrick/httpserver.rb:104:in `service'
  /opt/ruby-enterprise-1.8.7-2009.10/lib/ruby/1.8/webrick/httpserver.rb:65:in `run'
  /opt/ruby-enterprise-1.8.7-2009.10/lib/ruby/1.8/webrick/server.rb:173:in `start_thread'
  /opt/ruby-enterprise-1.8.7-2009.10/lib/ruby/1.8/webrick/server.rb:162:in `start'
  /opt/ruby-enterprise-1.8.7-2009.10/lib/ruby/1.8/webrick/server.rb:162:in `start_thread'
  /opt/ruby-enterprise-1.8.7-2009.10/lib/ruby/1.8/webrick/server.rb:95:in `start'
  /opt/ruby-enterprise-1.8.7-2009.10/lib/ruby/1.8/webrick/server.rb:92:in `each'
  /opt/ruby-enterprise-1.8.7-2009.10/lib/ruby/1.8/webrick/server.rb:92:in `start'
  /opt/ruby-enterprise-1.8.7-2009.10/lib/ruby/1.8/webrick/server.rb:23:in `start'
  /opt/ruby-enterprise-1.8.7-2009.10/lib/ruby/1.8/webrick/server.rb:82:in `start'

Rendering rescues/layout (not_found)
  [4;36;1mSQL (0.1ms)[0m   [0;1mSET NAMES 'utf8'[0m
  [4;35;1mSQL (0.1ms)[0m   [0mSET SQL_AUTO_IS_NULL=0[0m


Processing ApplicationController#index (for 127.0.0.1 at 2010-02-07 22:50:53) [GET]

ActionController::RoutingError (No route matches "/logout" with {:method=>:get}):
  /opt/ruby-enterprise-1.8.7-2009.10/lib/ruby/1.8/webrick/httpserver.rb:104:in `service'
  /opt/ruby-enterprise-1.8.7-2009.10/lib/ruby/1.8/webrick/httpserver.rb:65:in `run'
  /opt/ruby-enterprise-1.8.7-2009.10/lib/ruby/1.8/webrick/server.rb:173:in `start_thread'
  /opt/ruby-enterprise-1.8.7-2009.10/lib/ruby/1.8/webrick/server.rb:162:in `start'
  /opt/ruby-enterprise-1.8.7-2009.10/lib/ruby/1.8/webrick/server.rb:162:in `start_thread'
  /opt/ruby-enterprise-1.8.7-2009.10/lib/ruby/1.8/webrick/server.rb:95:in `start'
  /opt/ruby-enterprise-1.8.7-2009.10/lib/ruby/1.8/webrick/server.rb:92:in `each'
  /opt/ruby-enterprise-1.8.7-2009.10/lib/ruby/1.8/webrick/server.rb:92:in `start'
  /opt/ruby-enterprise-1.8.7-2009.10/lib/ruby/1.8/webrick/server.rb:23:in `start'
  /opt/ruby-enterprise-1.8.7-2009.10/lib/ruby/1.8/webrick/server.rb:82:in `start'

Rendering rescues/layout (not_found)
  [4;36;1mSQL (0.2ms)[0m   [0;1mSET NAMES 'utf8'[0m
  [4;35;1mSQL (0.1ms)[0m   [0mSET SQL_AUTO_IS_NULL=0[0m


Processing ApplicationController#index (for 127.0.0.1 at 2010-02-07 22:50:53) [GET]

ActionController::RoutingError (No route matches "/logout" with {:method=>:get}):
  /opt/ruby-enterprise-1.8.7-2009.10/lib/ruby/1.8/webrick/httpserver.rb:104:in `service'
  /opt/ruby-enterprise-1.8.7-2009.10/lib/ruby/1.8/webrick/httpserver.rb:65:in `run'
  /opt/ruby-enterprise-1.8.7-2009.10/lib/ruby/1.8/webrick/server.rb:173:in `start_thread'
  /opt/ruby-enterprise-1.8.7-2009.10/lib/ruby/1.8/webrick/server.rb:162:in `start'
  /opt/ruby-enterprise-1.8.7-2009.10/lib/ruby/1.8/webrick/server.rb:162:in `start_thread'
  /opt/ruby-enterprise-1.8.7-2009.10/lib/ruby/1.8/webrick/server.rb:95:in `start'
  /opt/ruby-enterprise-1.8.7-2009.10/lib/ruby/1.8/webrick/server.rb:92:in `each'
  /opt/ruby-enterprise-1.8.7-2009.10/lib/ruby/1.8/webrick/server.rb:92:in `start'
  /opt/ruby-enterprise-1.8.7-2009.10/lib/ruby/1.8/webrick/server.rb:23:in `start'
  /opt/ruby-enterprise-1.8.7-2009.10/lib/ruby/1.8/webrick/server.rb:82:in `start'

Rendering rescues/layout (not_found)
  [4;36;1mSQL (0.1ms)[0m   [0;1mSET NAMES 'utf8'[0m
  [4;35;1mSQL (0.1ms)[0m   [0mSET SQL_AUTO_IS_NULL=0[0m


Processing ApplicationController#index (for 127.0.0.1 at 2010-02-07 22:50:53) [GET]

ActionController::RoutingError (No route matches "/logout" with {:method=>:get}):
  /opt/ruby-enterprise-1.8.7-2009.10/lib/ruby/1.8/webrick/httpserver.rb:104:in `service'
  /opt/ruby-enterprise-1.8.7-2009.10/lib/ruby/1.8/webrick/httpserver.rb:65:in `run'
  /opt/ruby-enterprise-1.8.7-2009.10/lib/ruby/1.8/webrick/server.rb:173:in `start_thread'
  /opt/ruby-enterprise-1.8.7-2009.10/lib/ruby/1.8/webrick/server.rb:162:in `start'
  /opt/ruby-enterprise-1.8.7-2009.10/lib/ruby/1.8/webrick/server.rb:162:in `start_thread'
  /opt/ruby-enterprise-1.8.7-2009.10/lib/ruby/1.8/webrick/server.rb:95:in `start'
  /opt/ruby-enterprise-1.8.7-2009.10/lib/ruby/1.8/webrick/server.rb:92:in `each'
  /opt/ruby-enterprise-1.8.7-2009.10/lib/ruby/1.8/webrick/server.rb:92:in `start'
  /opt/ruby-enterprise-1.8.7-2009.10/lib/ruby/1.8/webrick/server.rb:23:in `start'
  /opt/ruby-enterprise-1.8.7-2009.10/lib/ruby/1.8/webrick/server.rb:82:in `start'

Rendering rescues/layout (not_found)
  [4;36;1mSQL (0.1ms)[0m   [0;1mSET NAMES 'utf8'[0m
  [4;35;1mSQL (0.1ms)[0m   [0mSET SQL_AUTO_IS_NULL=0[0m


Processing ApplicationController#index (for 127.0.0.1 at 2010-02-07 22:51:27) [GET]

ActionController::RoutingError (No route matches "/logout" with {:method=>:get}):
  /opt/ruby-enterprise-1.8.7-2009.10/lib/ruby/1.8/webrick/httpserver.rb:104:in `service'
  /opt/ruby-enterprise-1.8.7-2009.10/lib/ruby/1.8/webrick/httpserver.rb:65:in `run'
  /opt/ruby-enterprise-1.8.7-2009.10/lib/ruby/1.8/webrick/server.rb:173:in `start_thread'
  /opt/ruby-enterprise-1.8.7-2009.10/lib/ruby/1.8/webrick/server.rb:162:in `start'
  /opt/ruby-enterprise-1.8.7-2009.10/lib/ruby/1.8/webrick/server.rb:162:in `start_thread'
  /opt/ruby-enterprise-1.8.7-2009.10/lib/ruby/1.8/webrick/server.rb:95:in `start'
  /opt/ruby-enterprise-1.8.7-2009.10/lib/ruby/1.8/webrick/server.rb:92:in `each'
  /opt/ruby-enterprise-1.8.7-2009.10/lib/ruby/1.8/webrick/server.rb:92:in `start'
  /opt/ruby-enterprise-1.8.7-2009.10/lib/ruby/1.8/webrick/server.rb:23:in `start'
  /opt/ruby-enterprise-1.8.7-2009.10/lib/ruby/1.8/webrick/server.rb:82:in `start'

Rendering rescues/layout (not_found)
  [4;36;1mSQL (0.1ms)[0m   [0;1mSET NAMES 'utf8'[0m
  [4;35;1mSQL (0.1ms)[0m   [0mSET SQL_AUTO_IS_NULL=0[0m


Processing ApplicationController#index (for 127.0.0.1 at 2010-02-07 22:51:28) [GET]

ActionController::RoutingError (No route matches "/logout" with {:method=>:get}):
  /opt/ruby-enterprise-1.8.7-2009.10/lib/ruby/1.8/webrick/httpserver.rb:104:in `service'
  /opt/ruby-enterprise-1.8.7-2009.10/lib/ruby/1.8/webrick/httpserver.rb:65:in `run'
  /opt/ruby-enterprise-1.8.7-2009.10/lib/ruby/1.8/webrick/server.rb:173:in `start_thread'
  /opt/ruby-enterprise-1.8.7-2009.10/lib/ruby/1.8/webrick/server.rb:162:in `start'
  /opt/ruby-enterprise-1.8.7-2009.10/lib/ruby/1.8/webrick/server.rb:162:in `start_thread'
  /opt/ruby-enterprise-1.8.7-2009.10/lib/ruby/1.8/webrick/server.rb:95:in `start'
  /opt/ruby-enterprise-1.8.7-2009.10/lib/ruby/1.8/webrick/server.rb:92:in `each'
  /opt/ruby-enterprise-1.8.7-2009.10/lib/ruby/1.8/webrick/server.rb:92:in `start'
  /opt/ruby-enterprise-1.8.7-2009.10/lib/ruby/1.8/webrick/server.rb:23:in `start'
  /opt/ruby-enterprise-1.8.7-2009.10/lib/ruby/1.8/webrick/server.rb:82:in `start'

Rendering rescues/layout (not_found)
  [4;36;1mSQL (0.2ms)[0m   [0;1mSET NAMES 'utf8'[0m
  [4;35;1mSQL (0.1ms)[0m   [0mSET SQL_AUTO_IS_NULL=0[0m


Processing ApplicationController#index (for 127.0.0.1 at 2010-02-07 22:51:28) [GET]

ActionController::RoutingError (No route matches "/logout" with {:method=>:get}):
  /opt/ruby-enterprise-1.8.7-2009.10/lib/ruby/1.8/webrick/httpserver.rb:104:in `service'
  /opt/ruby-enterprise-1.8.7-2009.10/lib/ruby/1.8/webrick/httpserver.rb:65:in `run'
  /opt/ruby-enterprise-1.8.7-2009.10/lib/ruby/1.8/webrick/server.rb:173:in `start_thread'
  /opt/ruby-enterprise-1.8.7-2009.10/lib/ruby/1.8/webrick/server.rb:162:in `start'
  /opt/ruby-enterprise-1.8.7-2009.10/lib/ruby/1.8/webrick/server.rb:162:in `start_thread'
  /opt/ruby-enterprise-1.8.7-2009.10/lib/ruby/1.8/webrick/server.rb:95:in `start'
  /opt/ruby-enterprise-1.8.7-2009.10/lib/ruby/1.8/webrick/server.rb:92:in `each'
  /opt/ruby-enterprise-1.8.7-2009.10/lib/ruby/1.8/webrick/server.rb:92:in `start'
  /opt/ruby-enterprise-1.8.7-2009.10/lib/ruby/1.8/webrick/server.rb:23:in `start'
  /opt/ruby-enterprise-1.8.7-2009.10/lib/ruby/1.8/webrick/server.rb:82:in `start'

Rendering rescues/layout (not_found)
  [4;36;1mSQL (0.1ms)[0m   [0;1mSET NAMES 'utf8'[0m
  [4;35;1mSQL (0.1ms)[0m   [0mSET SQL_AUTO_IS_NULL=0[0m


Processing ApplicationController#index (for 127.0.0.1 at 2010-02-07 22:51:41) [GET]

ActionController::MethodNotAllowed (Only delete requests are allowed.):
  /opt/ruby-enterprise-1.8.7-2009.10/lib/ruby/1.8/webrick/httpserver.rb:104:in `service'
  /opt/ruby-enterprise-1.8.7-2009.10/lib/ruby/1.8/webrick/httpserver.rb:65:in `run'
  /opt/ruby-enterprise-1.8.7-2009.10/lib/ruby/1.8/webrick/server.rb:173:in `start_thread'
  /opt/ruby-enterprise-1.8.7-2009.10/lib/ruby/1.8/webrick/server.rb:162:in `start'
  /opt/ruby-enterprise-1.8.7-2009.10/lib/ruby/1.8/webrick/server.rb:162:in `start_thread'
  /opt/ruby-enterprise-1.8.7-2009.10/lib/ruby/1.8/webrick/server.rb:95:in `start'
  /opt/ruby-enterprise-1.8.7-2009.10/lib/ruby/1.8/webrick/server.rb:92:in `each'
  /opt/ruby-enterprise-1.8.7-2009.10/lib/ruby/1.8/webrick/server.rb:92:in `start'
  /opt/ruby-enterprise-1.8.7-2009.10/lib/ruby/1.8/webrick/server.rb:23:in `start'
  /opt/ruby-enterprise-1.8.7-2009.10/lib/ruby/1.8/webrick/server.rb:82:in `start'

Rendered rescues/_trace (28.2ms)
Rendered rescues/_request_and_response (1.1ms)
Rendering rescues/layout (method_not_allowed)
  [4;36;1mSQL (0.1ms)[0m   [0;1mSET NAMES 'utf8'[0m
  [4;35;1mSQL (0.1ms)[0m   [0mSET SQL_AUTO_IS_NULL=0[0m


Processing UserSessionsController#destroy (for 127.0.0.1 at 2010-02-07 22:51:56) [GET]
  Parameters: {"method"=>:delete, "action"=>"destroy", "controller"=>"user_sessions"}
  [4;36;1mUser Columns (1.2ms)[0m   [0;1mSHOW FIELDS FROM `users`[0m
  [4;35;1mUser Load (0.3ms)[0m   [0mSELECT * FROM `users` WHERE (`users`.`persistence_token` = 'dd4500207c69ccdd86ee5a7805c5788a16ab48578c743900d6ffbaa2f2e003ac24a62a3a515128ca2117fd4028fdb9ad14e18d8d4d17913bc63a6d23e9b93ab1') LIMIT 1[0m
Redirected to http://localhost:3000/login
Completed in 14ms (DB: 2) | 302 Found [http://localhost/logout]
  [4;36;1mSQL (0.1ms)[0m   [0;1mSET NAMES 'utf8'[0m
  [4;35;1mSQL (0.1ms)[0m   [0mSET SQL_AUTO_IS_NULL=0[0m


Processing UserSessionsController#new (for 127.0.0.1 at 2010-02-07 22:51:56) [GET]
  Parameters: {"action"=>"new", "controller"=>"user_sessions"}
  [4;36;1mUser Columns (1.5ms)[0m   [0;1mSHOW FIELDS FROM `users`[0m
Rendering user_sessions/new
Completed in 17ms (View: 7, DB: 2) | 200 OK [http://localhost/login]
  [4;35;1mSQL (0.1ms)[0m   [0mSET NAMES 'utf8'[0m
  [4;36;1mSQL (0.1ms)[0m   [0;1mSET SQL_AUTO_IS_NULL=0[0m


Processing UserSessionsController#create (for 127.0.0.1 at 2010-02-07 22:52:02) [POST]
  Parameters: {"commit"=>"Login", "user_session"=>{"remember_me"=>"0", "password"=>"[FILTERED]", "login"=>"leomayleomay"}, "action"=>"create", "authenticity_token"=>"whOSJCvDrtXSbnHnkPLZ7/hgdlYMb2RRv+elXAgO6+Y=", "controller"=>"user_sessions"}
  [4;35;1mUser Columns (2.5ms)[0m   [0mSHOW FIELDS FROM `users`[0m
  [4;36;1mUser Load (0.4ms)[0m   [0;1mSELECT * FROM `users` WHERE (LOWER(`users`.login) = 'leomayleomay') LIMIT 1[0m
  [4;35;1mSQL (0.1ms)[0m   [0mBEGIN[0m
  [4;36;1mUser Update (0.3ms)[0m   [0;1mUPDATE `users` SET `updated_at` = '2010-02-07 14:52:02', `perishable_token` = 'ISWSAC9sYnHQq0cBvws8' WHERE `id` = 1[0m
  [4;35;1mSQL (0.4ms)[0m   [0mCOMMIT[0m
Redirected to http://localhost:3000/account
Completed in 185ms (DB: 4) | 302 Found [http://localhost/user_session]
  [4;36;1mSQL (0.1ms)[0m   [0;1mSET NAMES 'utf8'[0m
  [4;35;1mSQL (0.1ms)[0m   [0mSET SQL_AUTO_IS_NULL=0[0m


Processing UsersController#show (for 127.0.0.1 at 2010-02-07 22:52:02) [GET]
  Parameters: {"action"=>"show", "controller"=>"users"}
  [4;36;1mUser Columns (1.5ms)[0m   [0;1mSHOW FIELDS FROM `users`[0m
  [4;35;1mUser Load (0.4ms)[0m   [0mSELECT * FROM `users` WHERE (`users`.`id` = '1') LIMIT 1[0m
Rendering users/show
Completed in 14ms (View: 1, DB: 2) | 200 OK [http://localhost/account]
  [4;36;1mSQL (0.1ms)[0m   [0;1mSET NAMES 'utf8'[0m
  [4;35;1mSQL (0.1ms)[0m   [0mSET SQL_AUTO_IS_NULL=0[0m


Processing UserSessionsController#destroy (for 127.0.0.1 at 2010-02-07 22:52:06) [GET]
  Parameters: {"method"=>:delete, "action"=>"destroy", "controller"=>"user_sessions"}
  [4;36;1mUser Columns (1.6ms)[0m   [0;1mSHOW FIELDS FROM `users`[0m
  [4;35;1mUser Load (0.4ms)[0m   [0mSELECT * FROM `users` WHERE (`users`.`id` = '1') LIMIT 1[0m
Redirected to http://localhost:3000/user_session/new
Completed in 16ms (DB: 2) | 302 Found [http://localhost/logout]
  [4;36;1mSQL (0.1ms)[0m   [0;1mSET NAMES 'utf8'[0m
  [4;35;1mSQL (0.1ms)[0m   [0mSET SQL_AUTO_IS_NULL=0[0m


Processing UserSessionsController#new (for 127.0.0.1 at 2010-02-07 22:52:06) [GET]
  Parameters: {"action"=>"new", "controller"=>"user_sessions"}
  [4;36;1mUser Columns (1.4ms)[0m   [0;1mSHOW FIELDS FROM `users`[0m
Rendering user_sessions/new
Completed in 14ms (View: 4, DB: 2) | 200 OK [http://localhost/user_session/new]
  [4;35;1mSQL (0.1ms)[0m   [0mSET NAMES 'utf8'[0m
  [4;36;1mSQL (0.1ms)[0m   [0;1mSET SQL_AUTO_IS_NULL=0[0m


Processing UserSessionsController#new (for 127.0.0.1 at 2010-02-07 22:52:56) [GET]
  Parameters: {"action"=>"new", "controller"=>"user_sessions"}
  [4;35;1mUser Columns (1.5ms)[0m   [0mSHOW FIELDS FROM `users`[0m
Rendering user_sessions/new
Completed in 14ms (View: 4, DB: 2) | 200 OK [http://localhost/user_session/new]
  [4;36;1mSQL (0.2ms)[0m   [0;1mSET NAMES 'utf8'[0m
  [4;35;1mSQL (0.1ms)[0m   [0mSET SQL_AUTO_IS_NULL=0[0m


Processing UserSessionsController#new (for 127.0.0.1 at 2010-02-07 22:52:57) [GET]
  Parameters: {"action"=>"new", "controller"=>"user_sessions"}
  [4;36;1mUser Columns (1.4ms)[0m   [0;1mSHOW FIELDS FROM `users`[0m
Rendering user_sessions/new
Completed in 83ms (View: 3, DB: 2) | 200 OK [http://localhost/user_session/new]
  [4;35;1mSQL (0.1ms)[0m   [0mSET NAMES 'utf8'[0m
  [4;36;1mSQL (0.1ms)[0m   [0;1mSET SQL_AUTO_IS_NULL=0[0m


Processing UserSessionsController#new (for 127.0.0.1 at 2010-02-07 22:52:58) [GET]
  Parameters: {"action"=>"new", "controller"=>"user_sessions"}
  [4;35;1mUser Columns (1.5ms)[0m   [0mSHOW FIELDS FROM `users`[0m
Rendering user_sessions/new
Completed in 14ms (View: 3, DB: 2) | 200 OK [http://localhost/user_session/new]
  [4;36;1mSQL (0.1ms)[0m   [0;1mSET NAMES 'utf8'[0m
  [4;35;1mSQL (0.1ms)[0m   [0mSET SQL_AUTO_IS_NULL=0[0m


Processing UserSessionsController#new (for 127.0.0.1 at 2010-02-07 22:52:58) [GET]
  Parameters: {"action"=>"new", "controller"=>"user_sessions"}
  [4;36;1mUser Columns (1.5ms)[0m   [0;1mSHOW FIELDS FROM `users`[0m
Rendering user_sessions/new
Completed in 14ms (View: 3, DB: 2) | 200 OK [http://localhost/user_session/new]
  [4;35;1mSQL (0.1ms)[0m   [0mSET NAMES 'utf8'[0m
  [4;36;1mSQL (0.1ms)[0m   [0;1mSET SQL_AUTO_IS_NULL=0[0m


Processing UserSessionsController#new (for 127.0.0.1 at 2010-02-07 22:52:58) [GET]
  Parameters: {"action"=>"new", "controller"=>"user_sessions"}
  [4;35;1mUser Columns (1.7ms)[0m   [0mSHOW FIELDS FROM `users`[0m
Rendering user_sessions/new
Completed in 15ms (View: 4, DB: 2) | 200 OK [http://localhost/user_session/new]
  [4;36;1mSQL (0.1ms)[0m   [0;1mSET NAMES 'utf8'[0m
  [4;35;1mSQL (0.1ms)[0m   [0mSET SQL_AUTO_IS_NULL=0[0m


Processing UserSessionsController#create (for 127.0.0.1 at 2010-02-07 22:53:05) [POST]
  Parameters: {"commit"=>"Login", "user_session"=>{"remember_me"=>"0", "password"=>"[FILTERED]", "login"=>"leomayleomay"}, "action"=>"create", "authenticity_token"=>"whOSJCvDrtXSbnHnkPLZ7/hgdlYMb2RRv+elXAgO6+Y=", "controller"=>"user_sessions"}
  [4;36;1mUser Columns (1.5ms)[0m   [0;1mSHOW FIELDS FROM `users`[0m
  [4;35;1mUser Load (0.3ms)[0m   [0mSELECT * FROM `users` WHERE (LOWER(`users`.login) = 'leomayleomay') LIMIT 1[0m
  [4;36;1mSQL (0.1ms)[0m   [0;1mBEGIN[0m
  [4;35;1mUser Update (0.2ms)[0m   [0mUPDATE `users` SET `updated_at` = '2010-02-07 14:53:05', `perishable_token` = 'Iwq0uhPPlXEdyuuV99Hc' WHERE `id` = 1[0m
  [4;36;1mSQL (0.8ms)[0m   [0;1mCOMMIT[0m
Redirected to http://localhost:3000/account
Completed in 18ms (DB: 3) | 302 Found [http://localhost/user_session]
  [4;35;1mSQL (0.1ms)[0m   [0mSET NAMES 'utf8'[0m
  [4;36;1mSQL (0.1ms)[0m   [0;1mSET SQL_AUTO_IS_NULL=0[0m


Processing UsersController#show (for 127.0.0.1 at 2010-02-07 22:53:05) [GET]
  Parameters: {"action"=>"show", "controller"=>"users"}
  [4;35;1mUser Columns (1.3ms)[0m   [0mSHOW FIELDS FROM `users`[0m
  [4;36;1mUser Load (1.3ms)[0m   [0;1mSELECT * FROM `users` WHERE (`users`.`id` = '1') LIMIT 1[0m
Rendering users/show
Completed in 19ms (View: 1, DB: 3) | 200 OK [http://localhost/account]
  [4;35;1mSQL (0.1ms)[0m   [0mSET NAMES 'utf8'[0m
  [4;36;1mSQL (0.1ms)[0m   [0;1mSET SQL_AUTO_IS_NULL=0[0m


Processing UsersController#edit (for 127.0.0.1 at 2010-02-07 22:53:08) [GET]
  Parameters: {"action"=>"edit", "controller"=>"users"}
  [4;35;1mUser Columns (1.5ms)[0m   [0mSHOW FIELDS FROM `users`[0m
  [4;36;1mUser Load (0.3ms)[0m   [0;1mSELECT * FROM `users` WHERE (`users`.`id` = '1') LIMIT 1[0m
Rendering users/edit
Rendered users/_form (2.4ms)
Completed in 25ms (View: 11, DB: 2) | 200 OK [http://localhost/account/edit]
  [4;35;1mSQL (0.1ms)[0m   [0mSET NAMES 'utf8'[0m
  [4;36;1mSQL (0.3ms)[0m   [0;1mSET SQL_AUTO_IS_NULL=0[0m


Processing ApplicationController#index (for 127.0.0.1 at 2010-02-07 22:53:16) [GET]

ActionController::RoutingError (No route matches "/" with {:method=>:get}):
  /opt/ruby-enterprise-1.8.7-2009.10/lib/ruby/1.8/webrick/httpserver.rb:104:in `service'
  /opt/ruby-enterprise-1.8.7-2009.10/lib/ruby/1.8/webrick/httpserver.rb:65:in `run'
  /opt/ruby-enterprise-1.8.7-2009.10/lib/ruby/1.8/webrick/server.rb:173:in `start_thread'
  /opt/ruby-enterprise-1.8.7-2009.10/lib/ruby/1.8/webrick/server.rb:162:in `start'
  /opt/ruby-enterprise-1.8.7-2009.10/lib/ruby/1.8/webrick/server.rb:162:in `start_thread'
  /opt/ruby-enterprise-1.8.7-2009.10/lib/ruby/1.8/webrick/server.rb:95:in `start'
  /opt/ruby-enterprise-1.8.7-2009.10/lib/ruby/1.8/webrick/server.rb:92:in `each'
  /opt/ruby-enterprise-1.8.7-2009.10/lib/ruby/1.8/webrick/server.rb:92:in `start'
  /opt/ruby-enterprise-1.8.7-2009.10/lib/ruby/1.8/webrick/server.rb:23:in `start'
  /opt/ruby-enterprise-1.8.7-2009.10/lib/ruby/1.8/webrick/server.rb:82:in `start'

Rendering rescues/layout (not_found)
  [4;36;1mSQL (0.1ms)[0m   [0;1mSET NAMES 'utf8'[0m
  [4;35;1mSQL (0.1ms)[0m   [0mSET SQL_AUTO_IS_NULL=0[0m


Processing UserSessionsController#new (for 127.0.0.1 at 2010-02-07 22:54:18) [GET]
  Parameters: {"action"=>"new", "controller"=>"user_sessions"}
  [4;36;1mUser Columns (1.5ms)[0m   [0;1mSHOW FIELDS FROM `users`[0m
  [4;35;1mUser Load (0.3ms)[0m   [0mSELECT * FROM `users` WHERE (`users`.`id` = '1') LIMIT 1[0m
Redirected to http://localhost:3000/account
Filter chain halted as [:require_no_user] rendered_or_redirected.
Completed in 19ms (DB: 2) | 302 Found [http://localhost/]
  [4;36;1mSQL (0.1ms)[0m   [0;1mSET NAMES 'utf8'[0m
  [4;35;1mSQL (0.1ms)[0m   [0mSET SQL_AUTO_IS_NULL=0[0m


Processing UsersController#show (for 127.0.0.1 at 2010-02-07 22:54:18) [GET]
  Parameters: {"action"=>"show", "controller"=>"users"}
  [4;36;1mUser Columns (1.4ms)[0m   [0;1mSHOW FIELDS FROM `users`[0m
  [4;35;1mUser Load (0.3ms)[0m   [0mSELECT * FROM `users` WHERE (`users`.`id` = '1') LIMIT 1[0m
Rendering users/show
Completed in 30ms (View: 16, DB: 2) | 200 OK [http://localhost/account]
  [4;36;1mSQL (0.1ms)[0m   [0;1mSET NAMES 'utf8'[0m
  [4;35;1mSQL (0.2ms)[0m   [0mSET SQL_AUTO_IS_NULL=0[0m


Processing UserSessionsController#new (for 127.0.0.1 at 2010-02-07 22:54:26) [GET]
  Parameters: {"action"=>"new", "controller"=>"user_sessions"}
  [4;36;1mUser Columns (1.5ms)[0m   [0;1mSHOW FIELDS FROM `users`[0m
  [4;35;1mUser Load (0.3ms)[0m   [0mSELECT * FROM `users` WHERE (`users`.`id` = '1') LIMIT 1[0m
Redirected to http://localhost:3000/account
Filter chain halted as [:require_no_user] rendered_or_redirected.
Completed in 14ms (DB: 2) | 302 Found [http://localhost/]
  [4;36;1mSQL (0.1ms)[0m   [0;1mSET NAMES 'utf8'[0m
  [4;35;1mSQL (0.1ms)[0m   [0mSET SQL_AUTO_IS_NULL=0[0m


Processing UsersController#show (for 127.0.0.1 at 2010-02-07 22:54:26) [GET]
  Parameters: {"action"=>"show", "controller"=>"users"}
  [4;36;1mUser Columns (1.4ms)[0m   [0;1mSHOW FIELDS FROM `users`[0m
  [4;35;1mUser Load (0.3ms)[0m   [0mSELECT * FROM `users` WHERE (`users`.`id` = '1') LIMIT 1[0m
Rendering users/show
Completed in 15ms (View: 1, DB: 2) | 200 OK [http://localhost/account]
  [4;36;1mSQL (0.1ms)[0m   [0;1mSET NAMES 'utf8'[0m
  [4;35;1mSQL (0.1ms)[0m   [0mSET SQL_AUTO_IS_NULL=0[0m


Processing UserSessionsController#destroy (for 127.0.0.1 at 2010-02-07 22:54:31) [GET]
  Parameters: {"method"=>:delete, "action"=>"destroy", "controller"=>"user_sessions"}
  [4;36;1mUser Columns (1.5ms)[0m   [0;1mSHOW FIELDS FROM `users`[0m
  [4;35;1mUser Load (0.3ms)[0m   [0mSELECT * FROM `users` WHERE (`users`.`id` = '1') LIMIT 1[0m
Redirected to http://localhost:3000/
Completed in 80ms (DB: 2) | 302 Found [http://localhost/logout]
  [4;36;1mSQL (0.1ms)[0m   [0;1mSET NAMES 'utf8'[0m
  [4;35;1mSQL (0.1ms)[0m   [0mSET SQL_AUTO_IS_NULL=0[0m


Processing UserSessionsController#new (for 127.0.0.1 at 2010-02-07 22:54:31) [GET]
  Parameters: {"action"=>"new", "controller"=>"user_sessions"}
  [4;36;1mUser Columns (1.4ms)[0m   [0;1mSHOW FIELDS FROM `users`[0m
Rendering user_sessions/new
Completed in 18ms (View: 7, DB: 2) | 200 OK [http://localhost/]
  [4;35;1mSQL (0.1ms)[0m   [0mSET NAMES 'utf8'[0m
  [4;36;1mSQL (0.1ms)[0m   [0;1mSET SQL_AUTO_IS_NULL=0[0m


Processing UserSessionsController#new (for 127.0.0.1 at 2010-02-07 22:54:33) [GET]
  Parameters: {"action"=>"new", "controller"=>"user_sessions"}
  [4;35;1mUser Columns (1.5ms)[0m   [0mSHOW FIELDS FROM `users`[0m
Rendering user_sessions/new
Completed in 14ms (View: 4, DB: 2) | 200 OK [http://localhost/]
  [4;36;1mSQL (0.1ms)[0m   [0;1mSET NAMES 'utf8'[0m
  [4;35;1mSQL (0.1ms)[0m   [0mSET SQL_AUTO_IS_NULL=0[0m


Processing UserSessionsController#new (for 127.0.0.1 at 2010-02-07 22:54:34) [GET]
  Parameters: {"action"=>"new", "controller"=>"user_sessions"}
  [4;36;1mUser Columns (1.5ms)[0m   [0;1mSHOW FIELDS FROM `users`[0m
Rendering user_sessions/new
Completed in 15ms (View: 4, DB: 2) | 200 OK [http://localhost/]
